[INFO][main][2017-07-31 10:18:18][com.cloopen.rest.sdk.utils.LoggerUtil] - Mon Jul 31 10:18:18 GMT+08:00 2017 sendTemplateSMS url = https://app.cloopen.com:8883/2013-12-26/Accounts/8a216da85bf14b6a015c09bcd0f806b2/SMS/TemplateSMS?sig=CDD669A6F07078BA53F902CE33344222
[INFO][main][2017-07-31 10:18:19][com.cloopen.rest.sdk.utils.LoggerUtil] - Mon Jul 31 10:18:19 GMT+08:00 2017 sendTemplateSMS Request body =  {"appId":"8aaf07085d7cf73f015d7df51ad200ce","to":"18977284768","templateId":"1024","datas":["",""]}
[INFO][main][2017-07-31 10:18:19][com.cloopen.rest.sdk.utils.LoggerUtil] - Mon Jul 31 10:18:19 GMT+08:00 2017 sendTemplateSMS response body = {"statusCode":"160043","statusMsg":"应用与模板id不匹配"}
[INFO][main][2017-07-31 10:20:07][com.cloopen.rest.sdk.utils.LoggerUtil] - Mon Jul 31 10:20:07 GMT+08:00 2017 sendTemplateSMS url = https://app.cloopen.com:8883/2013-12-26/Accounts/8a216da85bf14b6a015c09bcd0f806b2/SMS/TemplateSMS?sig=DFDFB27941F21A7DB39E5172C31D72AC
[INFO][main][2017-07-31 10:20:07][com.cloopen.rest.sdk.utils.LoggerUtil] - Mon Jul 31 10:20:07 GMT+08:00 2017 sendTemplateSMS Request body =  {"appId":"8aaf07085d7cf73f015d7df51ad200ce","to":"1","templateId":"18977284768","datas":["1024","10"]}
[INFO][main][2017-07-31 10:20:08][com.cloopen.rest.sdk.utils.LoggerUtil] - Mon Jul 31 10:20:08 GMT+08:00 2017 sendTemplateSMS response body = {"statusCode":"160032","statusMsg":"短信模板无效"}
[INFO][main][2017-07-31 10:20:27][com.cloopen.rest.sdk.utils.LoggerUtil] - Mon Jul 31 10:20:27 GMT+08:00 2017 sendTemplateSMS url = https://app.cloopen.com:8883/2013-12-26/Accounts/8a216da85bf14b6a015c09bcd0f806b2/SMS/TemplateSMS?sig=67EFFAA2886C31AF66245AD9D91C645B
[INFO][main][2017-07-31 10:20:27][com.cloopen.rest.sdk.utils.LoggerUtil] - Mon Jul 31 10:20:27 GMT+08:00 2017 sendTemplateSMS Request body =  {"appId":"8aaf07085d7cf73f015d7df51ad200ce","to":"1","templateId":"18977284768","datas":["1024","5"]}
[INFO][main][2017-07-31 10:20:27][com.cloopen.rest.sdk.utils.LoggerUtil] - Mon Jul 31 10:20:27 GMT+08:00 2017 sendTemplateSMS response body = {"statusCode":"160032","statusMsg":"短信模板无效"}
[INFO][main][2017-07-31 10:20:53][com.cloopen.rest.sdk.utils.LoggerUtil] - Mon Jul 31 10:20:53 GMT+08:00 2017 sendTemplateSMS url = https://app.cloopen.com:8883/2013-12-26/Accounts/8a216da85bf14b6a015c09bcd0f806b2/SMS/TemplateSMS?sig=3D55B8C10C3124BFA14A96373E7B05B8
[INFO][main][2017-07-31 10:20:54][com.cloopen.rest.sdk.utils.LoggerUtil] - Mon Jul 31 10:20:54 GMT+08:00 2017 sendTemplateSMS Request body =  {"appId":"8aaf07085d7cf73f015d7df51ad200ce","to":"18977284768","templateId":"1","datas":["1024","5"]}
[INFO][main][2017-07-31 10:20:54][com.cloopen.rest.sdk.utils.LoggerUtil] - Mon Jul 31 10:20:54 GMT+08:00 2017 sendTemplateSMS response body = {"statusCode":"113302","statusMsg":"【短信】您正在使用云通讯测试模板且短信接收者不是注册的测试号码"}
[INFO][main][2017-07-31 10:21:07][com.cloopen.rest.sdk.utils.LoggerUtil] - Mon Jul 31 10:21:07 GMT+08:00 2017 sendTemplateSMS url = https://app.cloopen.com:8883/2013-12-26/Accounts/8a216da85bf14b6a015c09bcd0f806b2/SMS/TemplateSMS?sig=A682518C7D85FE2BDB1673DFC06F1915
[INFO][main][2017-07-31 10:21:07][com.cloopen.rest.sdk.utils.LoggerUtil] - Mon Jul 31 10:21:07 GMT+08:00 2017 sendTemplateSMS Request body =  {"appId":"8aaf07085d7cf73f015d7df51ad200ce","to":"13768340241","templateId":"1","datas":["1024","5"]}
[INFO][main][2017-07-31 10:21:07][com.cloopen.rest.sdk.utils.LoggerUtil] - Mon Jul 31 10:21:07 GMT+08:00 2017 sendTemplateSMS response body = {"statusCode":"113302","statusMsg":"【短信】您正在使用云通讯测试模板且短信接收者不是注册的测试号码"}
[INFO][main][2017-07-31 10:21:26][com.cloopen.rest.sdk.utils.LoggerUtil] - Mon Jul 31 10:21:26 GMT+08:00 2017 sendTemplateSMS url = https://app.cloopen.com:8883/2013-12-26/Accounts/8a216da85bf14b6a015c09bcd0f806b2/SMS/TemplateSMS?sig=B2379E53FA845C2825EB6F7BF3079D29
[INFO][main][2017-07-31 10:21:27][com.cloopen.rest.sdk.utils.LoggerUtil] - Mon Jul 31 10:21:27 GMT+08:00 2017 sendTemplateSMS Request body =  {"appId":"8aaf07085d7cf73f015d7df51ad200ce","to":"18977284768","templateId":"1","datas":["1024","5"]}
[INFO][main][2017-07-31 10:21:27][com.cloopen.rest.sdk.utils.LoggerUtil] - Mon Jul 31 10:21:27 GMT+08:00 2017 sendTemplateSMS response body = {"statusCode":"113302","statusMsg":"【短信】您正在使用云通讯测试模板且短信接收者不是注册的测试号码"}
[INFO][main][2017-07-31 10:26:41][com.cloopen.rest.sdk.utils.LoggerUtil] - Mon Jul 31 10:26:41 GMT+08:00 2017 sendTemplateSMS url = https://app.cloopen.com:8883/2013-12-26/Accounts/8a216da85bf14b6a015c09bcd0f806b2/SMS/TemplateSMS?sig=5DD75FFF743C7016EFAA157305995CE2
[INFO][main][2017-07-31 10:26:41][com.cloopen.rest.sdk.utils.LoggerUtil] - Mon Jul 31 10:26:41 GMT+08:00 2017 sendTemplateSMS Request body =  {"appId":"8aaf07085d7cf73f015d7df51ad200ce","to":"13768340241","templateId":"1","datas":["1024","5"]}
[INFO][main][2017-07-31 10:26:42][com.cloopen.rest.sdk.utils.LoggerUtil] - Mon Jul 31 10:26:42 GMT+08:00 2017 sendTemplateSMS response body = {"statusCode":"113302","statusMsg":"【短信】您正在使用云通讯测试模板且短信接收者不是注册的测试号码"}
[INFO][main][2017-07-31 10:28:59][com.cloopen.rest.sdk.utils.LoggerUtil] - Mon Jul 31 10:28:59 GMT+08:00 2017 sendTemplateSMS url = https://app.cloopen.com:8883/2013-12-26/Accounts/8a216da85bf14b6a015c09bcd0f806b2/SMS/TemplateSMS?sig=4073290C17D729FEA267EEFD10661DD0
[INFO][main][2017-07-31 10:28:59][com.cloopen.rest.sdk.utils.LoggerUtil] - Mon Jul 31 10:28:59 GMT+08:00 2017 sendTemplateSMS Request body =  {"appId":"8aaf07085d7cf73f015d7df51ad200ce","to":"18977284768","templateId":"1","datas":["1024","5"]}
[INFO][main][2017-07-31 10:28:59][com.cloopen.rest.sdk.utils.LoggerUtil] - Mon Jul 31 10:28:59 GMT+08:00 2017 sendTemplateSMS response body = {"statusCode":"113302","statusMsg":"【短信】您正在使用云通讯测试模板且短信接收者不是注册的测试号码"}
[INFO][main][2017-07-31 10:30:20][com.cloopen.rest.sdk.utils.LoggerUtil] - Mon Jul 31 10:30:20 GMT+08:00 2017 sendTemplateSMS url = https://app.cloopen.com:8883/2013-12-26/Accounts/8a216da85bf14b6a015c09bcd0f806b2/SMS/TemplateSMS?sig=9DDBAF09527F5FC4345C43A039947AD6
[INFO][main][2017-07-31 10:30:20][com.cloopen.rest.sdk.utils.LoggerUtil] - Mon Jul 31 10:30:20 GMT+08:00 2017 sendTemplateSMS Request body =  {"appId":"8aaf07085d7cf73f015d7df51ad200ce","to":"13768340241","templateId":"1","datas":["1024","5"]}
[INFO][main][2017-07-31 10:30:21][com.cloopen.rest.sdk.utils.LoggerUtil] - Mon Jul 31 10:30:21 GMT+08:00 2017 sendTemplateSMS response body = {"statusCode":"113302","statusMsg":"【短信】您正在使用云通讯测试模板且短信接收者不是注册的测试号码"}
[INFO][main][2017-07-31 10:33:34][com.cloopen.rest.sdk.utils.LoggerUtil] - Mon Jul 31 10:33:34 GMT+08:00 2017 sendTemplateSMS url = https://app.cloopen.com:8883/2013-12-26/Accounts/8a216da85bf14b6a015c09bcd0f806b2/SMS/TemplateSMS?sig=87936DC06DE1FB60D1E61DF47A141EE8
[INFO][main][2017-07-31 10:33:34][com.cloopen.rest.sdk.utils.LoggerUtil] - Mon Jul 31 10:33:34 GMT+08:00 2017 sendTemplateSMS Request body =  {"appId":"8aaf07085d7cf73f015d7df51ad200ce","to":"13768340241","templateId":"1","datas":["1024","5"]}
[INFO][main][2017-07-31 10:33:34][com.cloopen.rest.sdk.utils.LoggerUtil] - Mon Jul 31 10:33:34 GMT+08:00 2017 sendTemplateSMS response body = {"statusCode":"113302","statusMsg":"【短信】您正在使用云通讯测试模板且短信接收者不是注册的测试号码"}
[INFO][main][2017-07-31 15:34:40][com.cloopen.rest.sdk.utils.LoggerUtil] - Mon Jul 31 15:34:40 GMT+08:00 2017 sendTemplateSMS url = https://app.cloopen.com:8883/2013-12-26/Accounts/8a216da85bf14b6a015c09bcd0f806b2/SMS/TemplateSMS?sig=4D92271AE6EC3611D52910C7DA973F22
[INFO][main][2017-07-31 15:34:40][com.cloopen.rest.sdk.utils.LoggerUtil] - Mon Jul 31 15:34:40 GMT+08:00 2017 sendTemplateSMS Request body =  {"appId":"8aaf07085d7cf73f015d7df51ad200ce","to":"13768340241","templateId":"1","datas":["1024","5"]}
[INFO][main][2017-07-31 15:34:40][com.cloopen.rest.sdk.utils.LoggerUtil] - Mon Jul 31 15:34:40 GMT+08:00 2017 sendTemplateSMS response body = {"statusCode":"113302","statusMsg":"【短信】您正在使用云通讯测试模板且短信接收者不是注册的测试号码"}
[INFO][main][2017-07-31 15:34:58][com.cloopen.rest.sdk.utils.LoggerUtil] - Mon Jul 31 15:34:58 GMT+08:00 2017 sendTemplateSMS url = https://app.cloopen.com:8883/2013-12-26/Accounts/8a216da85bf14b6a015c09bcd0f806b2/SMS/TemplateSMS?sig=4991AF01BF98A005A29EAEE419958FE1
[INFO][main][2017-07-31 15:34:58][com.cloopen.rest.sdk.utils.LoggerUtil] - Mon Jul 31 15:34:58 GMT+08:00 2017 sendTemplateSMS Request body =  {"appId":"8aaf07085d7cf73f015d7df51ad200ce","to":"18977284768","templateId":"1","datas":["1024","5"]}
[INFO][main][2017-07-31 15:34:58][com.cloopen.rest.sdk.utils.LoggerUtil] - Mon Jul 31 15:34:58 GMT+08:00 2017 sendTemplateSMS response body = {"statusCode":"113302","statusMsg":"【短信】您正在使用云通讯测试模板且短信接收者不是注册的测试号码"}
